[0m[32mDownload[0m https://deno.land/x/fresh@1.6.8/server.ts
[0m[32mDownload[0m https://deno.land/x/fresh@1.6.8/src/types.ts
[0m[32mDownload[0m https://deno.land/x/fresh@1.6.8/src/server/mod.ts
[0m[32mDownload[0m https://deno.land/x/fresh@1.6.8/src/server/context.ts
[0m[32mDownload[0m https://deno.land/x/fresh@1.6.8/src/server/deps.ts
[0m[32mDownload[0m https://deno.land/x/fresh@1.6.8/src/server/types.ts
[0m[32mDownload[0m https://deno.land/x/fresh@1.6.8/src/server/boot.ts
[0m[32mDownload[0m https://deno.land/x/fresh@1.6.8/src/server/defines.ts
[0m[32mDownload[0m https://deno.land/x/fresh@1.6.8/src/server/render.ts
[0m[32mDownload[0m https://esm.sh/preact@10.19.6/jsx-runtime
[0m[32mDownload[0m https://deno.land/x/fresh@1.6.8/src/server/router.ts
[0m[32mDownload[0m https://deno.land/x/fresh@1.6.8/src/server/constants.ts
[0m[32mDownload[0m https://deno.land/x/fresh@1.6.8/src/server/build_id.ts
[0m[32mDownload[0m https://deno.land/x/fresh@1.6.8/src/runtime/csp.ts
[0m[32mDownload[0m https://deno.land/x/fresh@1.6.8/src/runtime/utils.ts
[0m[32mDownload[0m https://deno.land/x/fresh@1.6.8/src/build/mod.ts
[0m[32mDownload[0m https://deno.land/x/fresh@1.6.8/src/server/rendering/preact_hooks.ts
[0m[32mDownload[0m https://deno.land/x/fresh@1.6.8/src/server/code_frame.ts
[0m[32mDownload[0m https://deno.land/x/fresh@1.6.8/src/server/config.ts
[0m[32mDownload[0m https://deno.land/x/fresh@1.6.8/src/server/compose.ts
[0m[32mDownload[0m https://deno.land/x/fresh@1.6.8/src/server/fs_extract.ts
[0m[32mDownload[0m https://deno.land/x/fresh@1.6.8/src/build/aot_snapshot.ts
[0m[32mDownload[0m https://deno.land/x/fresh@1.6.8/src/server/error_overlay.tsx
[0m[32mDownload[0m https://deno.land/x/fresh@1.6.8/src/constants.ts
[0m[32mDownload[0m https://deno.land/x/fresh@1.6.8/src/server/tailwind_aot_error_page.tsx
[0m[32mDownload[0m https://deno.land/std@0.216.0/path/mod.ts
[0m[32mDownload[0m https://deno.land/std@0.216.0/fs/walk.ts
[0m[32mDownload[0m https://deno.land/std@0.216.0/fmt/colors.ts
[0m[32mDownload[0m https://deno.land/std@0.216.0/http/server.ts
[0m[32mDownload[0m https://deno.land/std@0.216.0/http/status.ts
[0m[32mDownload[0m https://deno.land/std@0.216.0/media_types/content_type.ts
[0m[32mDownload[0m https://deno.land/std@0.216.0/encoding/hex.ts
[0m[32mDownload[0m https://deno.land/std@0.216.0/regexp/escape.ts
[0m[32mDownload[0m https://deno.land/std@0.216.0/jsonc/mod.ts
[0m[32mDownload[0m https://esm.sh/*preact-render-to-string@6.3.1
[0m[32mDownload[0m https://deno.land/std@0.216.0/assert/mod.ts
[0m[32mDownload[0m https://esm.sh/@babel/helper-validator-identifier@7.22.20
[0m[32mDownload[0m https://deno.land/std@0.216.0/path/posix/mod.ts
[0m[32mDownload[0m https://deno.land/std@0.216.0/testing/snapshot.ts
[0m[32mDownload[0m https://esm.sh/preact@10.19.6
[0m[32mDownload[0m https://deno.land/x/fresh@1.6.8/src/server/rendering/state.ts
[0m[32mDownload[0m https://deno.land/x/fresh@1.6.8/src/server/rendering/template.tsx
[0m[32mDownload[0m https://deno.land/x/fresh@1.6.8/src/server/rendering/fresh_tags.tsx
[0m[32mDownload[0m https://esm.sh/preact@10.19.6/denonext/preact.mjs
[0m[32mDownload[0m https://esm.sh/preact@10.19.6/denonext/jsx-runtime.mjs
[0m[32mDownload[0m https://esm.sh/preact@10.19.6/hooks
[0m[32mDownload[0m https://deno.land/x/fresh@1.6.8/src/runtime/build_id.ts
[0m[32mDownload[0m https://deno.land/x/fresh@1.6.8/src/build/esbuild.ts
[0m[32mDownload[0m https://deno.land/x/fresh@1.6.8/src/runtime/Partial.tsx
[0m[32mDownload[0m https://deno.land/x/fresh@1.6.8/src/runtime/active_url.ts
[0m[32mDownload[0m https://deno.land/x/fresh@1.6.8/src/server/default_error_page.tsx
[0m[32mDownload[0m https://deno.land/x/fresh@1.6.8/src/server/init_safe_deps.ts
[0m[32mDownload[0m https://deno.land/std@0.216.0/path/windows/mod.ts
[0m[32mDownload[0m https://deno.land/std@0.216.0/path/basename.ts
[0m[32mDownload[0m https://deno.land/std@0.216.0/path/constants.ts
[0m[32mDownload[0m https://deno.land/std@0.216.0/path/dirname.ts
[0m[32mDownload[0m https://deno.land/std@0.216.0/path/extname.ts
[0m[32mDownload[0m https://deno.land/std@0.216.0/path/format.ts
[0m[32mDownload[0m https://deno.land/std@0.216.0/path/from_file_url.ts
[0m[32mDownload[0m https://deno.land/std@0.216.0/path/is_absolute.ts
[0m[32mDownload[0m https://deno.land/std@0.216.0/path/join.ts
[0m[32mDownload[0m https://deno.land/std@0.216.0/path/normalize.ts
[0m[32mDownload[0m https://deno.land/std@0.216.0/path/parse.ts
[0m[32mDownload[0m https://deno.land/std@0.216.0/path/relative.ts
[0m[32mDownload[0m https://deno.land/std@0.216.0/path/resolve.ts
[0m[32mDownload[0m https://deno.land/std@0.216.0/path/to_file_url.ts
[0m[32mDownload[0m https://deno.land/std@0.216.0/path/to_namespaced_path.ts
[0m[32mDownload[0m https://deno.land/std@0.216.0/path/common.ts
[0m[32mDownload[0m https://deno.land/std@0.216.0/path/_interface.ts
[0m[32mDownload[0m https://deno.land/std@0.216.0/path/glob_to_regexp.ts
[0m[32mDownload[0m https://deno.land/std@0.216.0/path/is_glob.ts
[0m[32mDownload[0m https://deno.land/std@0.216.0/path/join_globs.ts
[0m[32mDownload[0m https://deno.land/std@0.216.0/path/normalize_glob.ts
[0m[32mDownload[0m https://deno.land/std@0.216.0/fs/_to_path_string.ts
[0m[32mDownload[0m https://deno.land/std@0.216.0/fs/_create_walk_entry.ts
[0m[32mDownload[0m https://deno.land/std@0.216.0/async/delay.ts
[0m[32mDownload[0m https://deno.land/std@0.216.0/media_types/parse_media_type.ts
[0m[32mDownload[0m https://deno.land/std@0.216.0/media_types/get_charset.ts
[0m[32mDownload[0m https://deno.land/std@0.216.0/media_types/format_media_type.ts
[0m[32mDownload[0m https://deno.land/std@0.216.0/media_types/type_by_extension.ts
[0m[32mDownload[0m https://deno.land/std@0.216.0/encoding/_util.ts
[0m[32mDownload[0m https://deno.land/std@0.216.0/jsonc/parse.ts
[0m[32mDownload[0m https://esm.sh/*preact-render-to-string@6.3.1/denonext/preact-render-to-string.mjs
[0m[32mDownload[0m https://deno.land/std@0.216.0/assert/assert_almost_equals.ts
[0m[32mDownload[0m https://deno.land/std@0.216.0/assert/assert_array_includes.ts
[0m[32mDownload[0m https://deno.land/std@0.216.0/assert/assert_equals.ts
[0m[32mDownload[0m https://deno.land/std@0.216.0/assert/assert_exists.ts
[0m[32mDownload[0m https://deno.land/std@0.216.0/assert/assert_false.ts
[0m[32mDownload[0m https://deno.land/std@0.216.0/assert/assert_greater_or_equal.ts
[0m[32mDownload[0m https://deno.land/std@0.216.0/assert/assert_greater.ts
[0m[32mDownload[0m https://deno.land/std@0.216.0/assert/assert_instance_of.ts
[0m[32mDownload[0m https://deno.land/std@0.216.0/assert/assert_is_error.ts
[0m[32mDownload[0m https://deno.land/std@0.216.0/assert/assert_less_or_equal.ts
[0m[32mDownload[0m https://deno.land/std@0.216.0/assert/assert_less.ts
[0m[32mDownload[0m https://deno.land/std@0.216.0/assert/assert_match.ts
[0m[32mDownload[0m https://deno.land/std@0.216.0/assert/assert_not_equals.ts
[0m[32mDownload[0m https://deno.land/std@0.216.0/assert/assert_not_instance_of.ts
[0m[32mDownload[0m https://deno.land/std@0.216.0/assert/assert_not_match.ts
[0m[32mDownload[0m https://deno.land/std@0.216.0/assert/assert_not_strict_equals.ts
[0m[32mDownload[0m https://deno.land/std@0.216.0/assert/assert_object_match.ts
[0m[32mDownload[0m https://deno.land/std@0.216.0/assert/assert_rejects.ts
[0m[32mDownload[0m https://deno.land/std@0.216.0/assert/assert_strict_equals.ts
[0m[32mDownload[0m https://deno.land/std@0.216.0/assert/assert_string_includes.ts
[0m[32mDownload[0m https://deno.land/std@0.216.0/assert/assert_throws.ts
[0m[32mDownload[0m https://deno.land/std@0.216.0/assert/assert.ts
[0m[32mDownload[0m https://deno.land/std@0.216.0/assert/assertion_error.ts
[0m[32mDownload[0m https://deno.land/std@0.216.0/assert/equal.ts
[0m[32mDownload[0m https://deno.land/std@0.216.0/assert/fail.ts
[0m[32mDownload[0m https://deno.land/std@0.216.0/assert/unimplemented.ts
[0m[32mDownload[0m https://deno.land/std@0.216.0/assert/unreachable.ts
[0m[32mDownload[0m https://esm.sh/@babel/helper-validator-identifier@7.22.20/denonext/helper-validator-identifier.mjs
[0m[32mDownload[0m https://deno.land/std@0.216.0/path/posix/basename.ts
[0m[32mDownload[0m https://deno.land/std@0.216.0/path/posix/constants.ts
[0m[32mDownload[0m https://deno.land/std@0.216.0/path/posix/dirname.ts
[0m[32mDownload[0m https://deno.land/std@0.216.0/path/posix/extname.ts
[0m[32mDownload[0m https://deno.land/std@0.216.0/path/posix/format.ts
[0m[32mDownload[0m https://deno.land/std@0.216.0/path/posix/from_file_url.ts
[0m[32mDownload[0m https://deno.land/std@0.216.0/path/posix/is_absolute.ts
[0m[32mDownload[0m https://deno.land/std@0.216.0/path/posix/join.ts
[0m[32mDownload[0m https://deno.land/std@0.216.0/path/posix/normalize.ts
[0m[32mDownload[0m https://deno.land/std@0.216.0/path/posix/parse.ts
[0m[32mDownload[0m https://deno.land/std@0.216.0/path/posix/relative.ts
[0m[32mDownload[0m https://deno.land/std@0.216.0/path/posix/resolve.ts
[0m[32mDownload[0m https://deno.land/std@0.216.0/path/posix/to_file_url.ts
[0m[32mDownload[0m https://deno.land/std@0.216.0/path/posix/to_namespaced_path.ts
[0m[32mDownload[0m https://deno.land/std@0.216.0/path/posix/common.ts
[0m[32mDownload[0m https://deno.land/std@0.216.0/path/posix/glob_to_regexp.ts
[0m[32mDownload[0m https://deno.land/std@0.216.0/path/posix/is_glob.ts
[0m[32mDownload[0m https://deno.land/std@0.216.0/path/posix/join_globs.ts
[0m[32mDownload[0m https://deno.land/std@0.216.0/path/posix/normalize_glob.ts
[0m[32mDownload[0m https://deno.land/std@0.216.0/fs/ensure_file.ts
[0m[32mDownload[0m https://deno.land/x/fresh@1.6.8/src/runtime/head.ts
[0m[32mDownload[0m https://deno.land/x/fresh@1.6.8/src/server/htmlescape.ts
[0m[32mDownload[0m https://deno.land/x/fresh@1.6.8/src/server/serializer.ts
[0m[32mDownload[0m https://esm.sh/preact@10.19.6/denonext/hooks.mjs
[0m[32mDownload[0m https://deno.land/x/esbuild@v0.20.2/mod.js
[0m[32mDownload[0m https://deno.land/x/fresh@1.6.8/src/build/deps.ts
[0m[32mDownload[0m https://deno.land/std@0.216.0/path/windows/basename.ts
[0m[32mDownload[0m https://deno.land/std@0.216.0/path/windows/constants.ts
[0m[32mDownload[0m https://deno.land/std@0.216.0/path/windows/dirname.ts
[0m[32mDownload[0m https://deno.land/std@0.216.0/path/windows/extname.ts
[0m[32mDownload[0m https://deno.land/std@0.216.0/path/windows/format.ts
[0m[32mDownload[0m https://deno.land/std@0.216.0/path/windows/from_file_url.ts
[0m[32mDownload[0m https://deno.land/std@0.216.0/path/windows/is_absolute.ts
[0m[32mDownload[0m https://deno.land/std@0.216.0/path/windows/join.ts
[0m[32mDownload[0m https://deno.land/std@0.216.0/path/windows/normalize.ts
[0m[32mDownload[0m https://deno.land/std@0.216.0/path/windows/parse.ts
[0m[32mDownload[0m https://deno.land/std@0.216.0/path/windows/relative.ts
[0m[32mDownload[0m https://deno.land/std@0.216.0/path/windows/resolve.ts
[0m[32mDownload[0m https://deno.land/std@0.216.0/path/windows/to_file_url.ts
[0m[32mDownload[0m https://deno.land/std@0.216.0/path/windows/to_namespaced_path.ts
[0m[32mDownload[0m https://deno.land/std@0.216.0/path/windows/common.ts
[0m[32mDownload[0m https://deno.land/std@0.216.0/path/windows/glob_to_regexp.ts
[0m[32mDownload[0m https://deno.land/std@0.216.0/path/windows/is_glob.ts
[0m[32mDownload[0m https://deno.land/std@0.216.0/path/windows/join_globs.ts
[0m[32mDownload[0m https://deno.land/std@0.216.0/path/windows/normalize_glob.ts
[0m[32mDownload[0m https://deno.land/std@0.216.0/path/_os.ts
[0m[32mDownload[0m https://deno.land/std@0.216.0/path/_common/common.ts
[0m[32mDownload[0m https://deno.land/std@0.216.0/media_types/_util.ts
[0m[32mDownload[0m https://deno.land/std@0.216.0/media_types/_db.ts
[0m[32mDownload[0m https://deno.land/std@0.216.0/assert/_format.ts
[0m[32mDownload[0m https://deno.land/std@0.216.0/assert/_diff.ts
[0m[32mDownload[0m https://deno.land/std@0.216.0/assert/_constants.ts
[0m[32mDownload[0m https://deno.land/std@0.216.0/path/_common/basename.ts
[0m[32mDownload[0m https://deno.land/std@0.216.0/path/_common/strip_trailing_separators.ts
[0m[32mDownload[0m https://deno.land/std@0.216.0/path/posix/_util.ts
[0m[32mDownload[0m https://deno.land/std@0.216.0/path/_common/dirname.ts
[0m[32mDownload[0m https://deno.land/std@0.216.0/path/_common/constants.ts
[0m[32mDownload[0m https://deno.land/std@0.216.0/path/_common/assert_path.ts
[0m[32mDownload[0m https://deno.land/std@0.216.0/path/_common/format.ts
[0m[32mDownload[0m https://deno.land/std@0.216.0/path/_common/from_file_url.ts
[0m[32mDownload[0m https://deno.land/std@0.216.0/path/_common/normalize.ts
[0m[32mDownload[0m https://deno.land/std@0.216.0/path/_common/normalize_string.ts
[0m[32mDownload[0m https://deno.land/std@0.216.0/path/_common/relative.ts
[0m[32mDownload[0m https://deno.land/std@0.216.0/path/_common/to_file_url.ts
[0m[32mDownload[0m https://deno.land/std@0.216.0/path/_common/glob_to_reg_exp.ts
[0m[32mDownload[0m https://deno.land/std@0.216.0/fs/ensure_dir.ts
[0m[32mDownload[0m https://deno.land/std@0.216.0/fs/_get_file_info_type.ts
[0m[32mDownload[0m https://deno.land/x/fresh@1.6.8/src/runtime/deserializer.ts
[0m[32mDownload[0m https://deno.land/x/denoflate@1.2.1/mod.ts
[0m[32mDownload[0m https://deno.land/std@0.216.0/path/windows/_util.ts
[0m[32mDownload[0m https://deno.land/std@0.216.0/media_types/vendor/mime-db.v1.52.0.ts
[0m[32mDownload[0m https://jsr.io/@luca/esbuild-deno-loader/meta.json
[0m[32mDownload[0m https://deno.land/x/denoflate@1.2.1/pkg/denoflate.js
[0m[32mDownload[0m https://deno.land/x/denoflate@1.2.1/pkg/denoflate_bg.wasm.js
[0m[32mDownload[0m https://jsr.io/@luca/esbuild-deno-loader/0.10.3_meta.json
[0m[32mDownload[0m https://jsr.io/@std/path/meta.json
[0m[32mDownload[0m https://jsr.io/@std/jsonc/meta.json
[0m[32mDownload[0m https://jsr.io/@std/encoding/meta.json
[0m[32mDownload[0m https://jsr.io/@std/path/0.213.1_meta.json
[0m[32mDownload[0m https://jsr.io/@std/jsonc/0.213.1_meta.json
[0m[32mDownload[0m https://jsr.io/@std/encoding/0.213.1_meta.json
[0m[32mDownload[0m https://jsr.io/@std/assert/meta.json
[0m[32mDownload[0m https://jsr.io/@std/assert/0.213.1_meta.json
[0m[32mDownload[0m https://esm.sh/preact@10.19.6/debug
[0m[32mDownload[0m https://deno.land/x/esbuild@v0.20.2/wasm.js
[0m[32mDownload[0m https://esm.sh/preact@10.19.6/denonext/devtools.mjs
[0m[32mDownload[0m https://esm.sh/preact@10.19.6/denonext/debug.mjs
[0m[32mDownload[0m https://jsr.io/@luca/esbuild-deno-loader/0.10.3/mod.ts
[0m[32mDownload[0m https://jsr.io/@luca/esbuild-deno-loader/0.10.3/src/plugin_deno_resolver.ts
[0m[32mDownload[0m https://jsr.io/@luca/esbuild-deno-loader/0.10.3/src/plugin_deno_loader.ts
[0m[32mDownload[0m https://jsr.io/@luca/esbuild-deno-loader/0.10.3/src/shared.ts
[0m[32mDownload[0m https://jsr.io/@luca/esbuild-deno-loader/0.10.3/vendor/x/importmap/mod.ts
[0m[32mDownload[0m https://jsr.io/@luca/esbuild-deno-loader/0.10.3/vendor/x/importmap/_util.ts
[0m[32mDownload[0m https://jsr.io/@luca/esbuild-deno-loader/0.10.3/src/loader_native.ts
[0m[32mDownload[0m https://jsr.io/@luca/esbuild-deno-loader/0.10.3/src/loader_portable.ts
[0m[32mDownload[0m https://jsr.io/@luca/esbuild-deno-loader/0.10.3/src/deno.ts
[0m[32mDownload[0m https://jsr.io/@std/path/0.213.1/mod.ts
[0m[32mDownload[0m https://jsr.io/@std/jsonc/0.213.1/mod.ts
[0m[32mDownload[0m https://jsr.io/@std/encoding/0.213.1/base32.ts
[0m[32mDownload[0m https://jsr.io/@std/path/0.213.1/windows/mod.ts
[0m[32mDownload[0m https://jsr.io/@std/path/0.213.1/posix/mod.ts
[0m[32mDownload[0m https://jsr.io/@std/path/0.213.1/constants.ts
[0m[32mDownload[0m https://jsr.io/@std/path/0.213.1/basename.ts
[0m[32mDownload[0m https://jsr.io/@std/path/0.213.1/dirname.ts
[0m[32mDownload[0m https://jsr.io/@std/path/0.213.1/extname.ts
[0m[32mDownload[0m https://jsr.io/@std/path/0.213.1/format.ts
[0m[32mDownload[0m https://jsr.io/@std/path/0.213.1/from_file_url.ts
[0m[32mDownload[0m https://jsr.io/@std/path/0.213.1/is_absolute.ts
[0m[32mDownload[0m https://jsr.io/@std/path/0.213.1/join.ts
[0m[32mDownload[0m https://jsr.io/@std/path/0.213.1/normalize.ts
[0m[32mDownload[0m https://jsr.io/@std/path/0.213.1/parse.ts
[0m[32mDownload[0m https://jsr.io/@std/path/0.213.1/relative.ts
[0m[32mDownload[0m https://jsr.io/@std/path/0.213.1/resolve.ts
[0m[32mDownload[0m https://jsr.io/@std/path/0.213.1/to_file_url.ts
[0m[32mDownload[0m https://jsr.io/@std/path/0.213.1/to_namespaced_path.ts
[0m[32mDownload[0m https://jsr.io/@std/path/0.213.1/common.ts
[0m[32mDownload[0m https://jsr.io/@std/path/0.213.1/separator.ts
[0m[32mDownload[0m https://jsr.io/@std/path/0.213.1/_interface.ts
[0m[32mDownload[0m https://jsr.io/@std/path/0.213.1/glob_to_regexp.ts
[0m[32mDownload[0m https://jsr.io/@std/path/0.213.1/is_glob.ts
[0m[32mDownload[0m https://jsr.io/@std/path/0.213.1/join_globs.ts
[0m[32mDownload[0m https://jsr.io/@std/path/0.213.1/normalize_glob.ts
[0m[32mDownload[0m https://jsr.io/@std/jsonc/0.213.1/parse.ts
[0m[32mDownload[0m https://jsr.io/@std/encoding/0.213.1/_util.ts
[0m[32mDownload[0m https://jsr.io/@std/path/0.213.1/windows/basename.ts
[0m[32mDownload[0m https://jsr.io/@std/path/0.213.1/windows/constants.ts
[0m[32mDownload[0m https://jsr.io/@std/path/0.213.1/windows/dirname.ts
[0m[32mDownload[0m https://jsr.io/@std/path/0.213.1/windows/extname.ts
[0m[32mDownload[0m https://jsr.io/@std/path/0.213.1/windows/format.ts
[0m[32mDownload[0m https://jsr.io/@std/path/0.213.1/windows/from_file_url.ts
[0m[32mDownload[0m https://jsr.io/@std/path/0.213.1/windows/is_absolute.ts
[0m[32mDownload[0m https://jsr.io/@std/path/0.213.1/windows/join.ts
[0m[32mDownload[0m https://jsr.io/@std/path/0.213.1/windows/normalize.ts
[0m[32mDownload[0m https://jsr.io/@std/path/0.213.1/windows/parse.ts
[0m[32mDownload[0m https://jsr.io/@std/path/0.213.1/windows/relative.ts
[0m[32mDownload[0m https://jsr.io/@std/path/0.213.1/windows/resolve.ts
[0m[32mDownload[0m https://jsr.io/@std/path/0.213.1/windows/to_file_url.ts
[0m[32mDownload[0m https://jsr.io/@std/path/0.213.1/windows/to_namespaced_path.ts
[0m[32mDownload[0m https://jsr.io/@std/path/0.213.1/windows/common.ts
[0m[32mDownload[0m https://jsr.io/@std/path/0.213.1/windows/separator.ts
[0m[32mDownload[0m https://jsr.io/@std/path/0.213.1/windows/glob_to_regexp.ts
[0m[32mDownload[0m https://jsr.io/@std/path/0.213.1/windows/is_glob.ts
[0m[32mDownload[0m https://jsr.io/@std/path/0.213.1/windows/join_globs.ts
[0m[32mDownload[0m https://jsr.io/@std/path/0.213.1/windows/normalize_glob.ts
[0m[32mDownload[0m https://jsr.io/@std/path/0.213.1/posix/basename.ts
[0m[32mDownload[0m https://jsr.io/@std/path/0.213.1/posix/constants.ts
[0m[32mDownload[0m https://jsr.io/@std/path/0.213.1/posix/dirname.ts
[0m[32mDownload[0m https://jsr.io/@std/path/0.213.1/posix/extname.ts
[0m[32mDownload[0m https://jsr.io/@std/path/0.213.1/posix/format.ts
[0m[32mDownload[0m https://jsr.io/@std/path/0.213.1/posix/from_file_url.ts
[0m[32mDownload[0m https://jsr.io/@std/path/0.213.1/posix/is_absolute.ts
[0m[32mDownload[0m https://jsr.io/@std/path/0.213.1/posix/join.ts
[0m[32mDownload[0m https://jsr.io/@std/path/0.213.1/posix/normalize.ts
[0m[32mDownload[0m https://jsr.io/@std/path/0.213.1/posix/parse.ts
[0m[32mDownload[0m https://jsr.io/@std/path/0.213.1/posix/relative.ts
[0m[32mDownload[0m https://jsr.io/@std/path/0.213.1/posix/resolve.ts
[0m[32mDownload[0m https://jsr.io/@std/path/0.213.1/posix/to_file_url.ts
[0m[32mDownload[0m https://jsr.io/@std/path/0.213.1/posix/to_namespaced_path.ts
[0m[32mDownload[0m https://jsr.io/@std/path/0.213.1/posix/common.ts
[0m[32mDownload[0m https://jsr.io/@std/path/0.213.1/posix/separator.ts
[0m[32mDownload[0m https://jsr.io/@std/path/0.213.1/posix/glob_to_regexp.ts
[0m[32mDownload[0m https://jsr.io/@std/path/0.213.1/posix/is_glob.ts
[0m[32mDownload[0m https://jsr.io/@std/path/0.213.1/posix/join_globs.ts
[0m[32mDownload[0m https://jsr.io/@std/path/0.213.1/posix/normalize_glob.ts
[0m[32mDownload[0m https://jsr.io/@std/path/0.213.1/_os.ts
[0m[32mDownload[0m https://jsr.io/@std/path/0.213.1/_common/common.ts
[0m[32mDownload[0m https://jsr.io/@std/path/0.213.1/_common/basename.ts
[0m[32mDownload[0m https://jsr.io/@std/path/0.213.1/_common/constants.ts
[0m[32mDownload[0m https://jsr.io/@std/path/0.213.1/_common/strip_trailing_separators.ts
[0m[32mDownload[0m https://jsr.io/@std/path/0.213.1/windows/_util.ts
[0m[32mDownload[0m https://jsr.io/@std/path/0.213.1/_common/dirname.ts
[0m[32mDownload[0m https://jsr.io/@std/path/0.213.1/_common/assert_path.ts
[0m[32mDownload[0m https://jsr.io/@std/path/0.213.1/_common/format.ts
[0m[32mDownload[0m https://jsr.io/@std/path/0.213.1/_common/from_file_url.ts
[0m[32mDownload[0m https://jsr.io/@std/path/0.213.1/_common/normalize.ts
[0m[32mDownload[0m https://jsr.io/@std/path/0.213.1/_common/normalize_string.ts
[0m[32mDownload[0m https://jsr.io/@std/path/0.213.1/_common/relative.ts
[0m[32mDownload[0m https://jsr.io/@std/path/0.213.1/_common/to_file_url.ts
[0m[32mDownload[0m https://jsr.io/@std/path/0.213.1/_common/glob_to_reg_exp.ts
[0m[32mDownload[0m https://jsr.io/@std/path/0.213.1/posix/_util.ts
[0m[32mDownload[0m https://jsr.io/@std/assert/0.213.1/assert.ts
[0m[32mDownload[0m https://jsr.io/@std/assert/0.213.1/assertion_error.ts

[48;5;121m[38;5;0m 🍋 Fresh ready [39m[49m
    [1mLocal:[22m [36mhttp://localhost:3003/[39m

